#
# There is insufficient memory for the Java Runtime Environment to continue.
# Native memory allocation (malloc) failed to allocate 1346944 bytes for Chunk::new
# Possible reasons:
#   The system is out of physical RAM or swap space
#   The process is running with CompressedOops enabled, and the Java Heap may be blocking the growth of the native heap
# Possible solutions:
#   Reduce memory load on the system
#   Increase physical memory or swap space
#   Check if swap backing store is full
#   Decrease Java heap size (-Xmx/-Xms)
#   Decrease number of Java threads
#   Decrease Java thread stack sizes (-Xss)
#   Set larger code cache with -XX:ReservedCodeCacheSize=
#   JVM is running with Zero Based Compressed Oops mode in which the Java heap is
#     placed in the first 32GB address space. The Java Heap base address is the
#     maximum limit for the native heap growth. Please use -XX:HeapBaseMinAddress
#     to set the Java Heap base and to place the Java Heap above 32GB virtual address.
# This output file may be truncated or incomplete.
#
#  Out of Memory Error (arena.cpp:189), pid=17452, tid=6644
#
# JRE version: OpenJDK Runtime Environment (17.0.7) (build 17.0.7+0-b2043.56-10550314)
# Java VM: OpenJDK 64-Bit Server VM (17.0.7+0-b2043.56-10550314, mixed mode, tiered, compressed oops, compressed class ptrs, g1 gc, windows-amd64)
# No core dump will be written. Minidumps are not enabled by default on client versions of Windows
#

---------------  S U M M A R Y ------------

Command Line: org.jetbrains.kotlin.cli.jvm.K2JVMCompiler @C:\Users\ASUS\Downloads\CRUD\CRUD\app\build\20240510_1688312112743643228.compiler.options

Host: 13th Gen Intel(R) Core(TM) i7-13700H, 20 cores, 15G,  Windows 11 , 64 bit Build 22621 (10.0.22621.3374)
Time: Fri May 10 14:52:37 2024 Sri Lanka Standard Time elapsed time: 5.542909 seconds (0d 0h 0m 5s)

---------------  T H R E A D  ---------------

Current thread (0x0000019dd9e93830):  JavaThread "C2 CompilerThread4" daemon [_thread_in_native, id=6644, stack(0x0000006139700000,0x0000006139800000)]


Current CompileTask:
C2:   5542 8880       4       org.jetbrains.kotlin.metadata.ProtoBuf$Function::writeTo (448 bytes)

Stack: [0x0000006139700000,0x0000006139800000]
Native frames: (J=compiled Java code, j=interpreted, Vv=VM code, C=native code)
V  [jvm.dll+0x683bfa]
V  [jvm.dll+0x8430a4]
V  [jvm.dll+0x8449be]
V  [jvm.dll+0x845023]
V  [jvm.dll+0x24ad2f]
V  [jvm.dll+0xac25c]
V  [jvm.dll+0xac82c]
V  [jvm.dll+0x36a187]
V  [jvm.dll+0x1be138]
V  [jvm.dll+0x21d3a9]
V  [jvm.dll+0x21c671]
V  [jvm.dll+0x1a605d]
V  [jvm.dll+0x22c148]
V  [jvm.dll+0x22a209]
V  [jvm.dll+0x7f858c]
V  [jvm.dll+0x7f2aea]
V  [jvm.dll+0x682a35]
C  [ucrtbase.dll+0x29333]
C  [KERNEL32.DLL+0x1257d]
C  [ntdll.dll+0x5aa48]


---------------  P R O C E S S  ---------------

Threads class SMR info:
_java_thread_list=0x0000019dde6f51c0, length=22, elements={
0x0000019db5233c90, 0x0000019dd4aed4d0, 0x0000019dd4afb2b0, 0x0000019dd4b3df50,
0x0000019dd4b40ce0, 0x0000019dd4b426b0, 0x0000019dd4b42f70, 0x0000019dd4b61a20,
0x0000019dd4b64330, 0x0000019dd4b64c30, 0x0000019dd4cd6a40, 0x0000019dd4cd9360,
0x0000019dd4d15b00, 0x0000019dd4d21650, 0x0000019dd4d78ca0, 0x0000019dd9404460,
0x0000019dd973ad90, 0x0000019dd9e93320, 0x0000019dd9e93830, 0x0000019dda940890,
0x0000019ddaf01900, 0x0000019ddaf02320
}

Java Threads: ( => current thread )
  0x0000019db5233c90 JavaThread "main" [_thread_in_vm, id=18884, stack(0x0000006137100000,0x0000006137200000)]
  0x0000019dd4aed4d0 JavaThread "Reference Handler" daemon [_thread_blocked, id=19308, stack(0x0000006137800000,0x0000006137900000)]
  0x0000019dd4afb2b0 JavaThread "Finalizer" daemon [_thread_blocked, id=16172, stack(0x0000006137900000,0x0000006137a00000)]
  0x0000019dd4b3df50 JavaThread "Signal Dispatcher" daemon [_thread_blocked, id=8280, stack(0x0000006137a00000,0x0000006137b00000)]
  0x0000019dd4b40ce0 JavaThread "Attach Listener" daemon [_thread_blocked, id=12936, stack(0x0000006137b00000,0x0000006137c00000)]
  0x0000019dd4b426b0 JavaThread "Service Thread" daemon [_thread_blocked, id=9676, stack(0x0000006137c00000,0x0000006137d00000)]
  0x0000019dd4b42f70 JavaThread "Monitor Deflation Thread" daemon [_thread_blocked, id=8496, stack(0x0000006137d00000,0x0000006137e00000)]
  0x0000019dd4b61a20 JavaThread "C2 CompilerThread0" daemon [_thread_in_native, id=18904, stack(0x0000006137e00000,0x0000006137f00000)]
  0x0000019dd4b64330 JavaThread "C1 CompilerThread0" daemon [_thread_blocked, id=3388, stack(0x0000006137f00000,0x0000006138000000)]
  0x0000019dd4b64c30 JavaThread "Sweeper thread" daemon [_thread_blocked, id=11324, stack(0x0000006138000000,0x0000006138100000)]
  0x0000019dd4cd6a40 JavaThread "C1 CompilerThread1" daemon [_thread_blocked, id=18040, stack(0x0000006138100000,0x0000006138200000)]
  0x0000019dd4cd9360 JavaThread "C1 CompilerThread2" daemon [_thread_blocked, id=3772, stack(0x0000006138200000,0x0000006138300000)]
  0x0000019dd4d15b00 JavaThread "Notification Thread" daemon [_thread_blocked, id=9768, stack(0x0000006138300000,0x0000006138400000)]
  0x0000019dd4d21650 JavaThread "Common-Cleaner" daemon [_thread_blocked, id=18132, stack(0x0000006138500000,0x0000006138600000)]
  0x0000019dd4d78ca0 JavaThread "C2 CompilerThread1" daemon [_thread_in_native, id=7248, stack(0x0000006138600000,0x0000006138700000)]
  0x0000019dd9404460 JavaThread "C1 CompilerThread3" daemon [_thread_blocked, id=4076, stack(0x0000006138700000,0x0000006138800000)]
  0x0000019dd973ad90 JavaThread "C2 CompilerThread2" daemon [_thread_in_native, id=2780, stack(0x0000006138d00000,0x0000006138e00000)]
  0x0000019dd9e93320 JavaThread "C2 CompilerThread3" daemon [_thread_in_native, id=7996, stack(0x0000006139600000,0x0000006139700000)]
=>0x0000019dd9e93830 JavaThread "C2 CompilerThread4" daemon [_thread_in_native, id=6644, stack(0x0000006139700000,0x0000006139800000)]
  0x0000019dda940890 JavaThread "C2 CompilerThread5" daemon [_thread_in_native, id=17916, stack(0x0000006139800000,0x0000006139900000)]
  0x0000019ddaf01900 JavaThread "C2 CompilerThread6" daemon [_thread_in_native, id=10048, stack(0x0000006139900000,0x0000006139a00000)]
  0x0000019ddaf02320 JavaThread "C2 CompilerThread7" daemon [_thread_in_native, id=6388, stack(0x0000006139e00000,0x0000006139f00000)]

Other Threads:
  0x0000019dd4b196a0 VMThread "VM Thread" [stack: 0x0000006137700000,0x0000006137800000] [id=4920]
  0x0000019dd4d12f10 WatcherThread [stack: 0x0000006138400000,0x0000006138500000] [id=15344]
  0x0000019db52a1d10 GCTaskThread "GC Thread#0" [stack: 0x0000006137200000,0x0000006137300000] [id=12016]
  0x0000019dd953e540 GCTaskThread "GC Thread#1" [stack: 0x0000006138800000,0x0000006138900000] [id=17556]
  0x0000019dd953e7f0 GCTaskThread "GC Thread#2" [stack: 0x0000006138900000,0x0000006138a00000] [id=14100]
  0x0000019dd953eaa0 GCTaskThread "GC Thread#3" [stack: 0x0000006138a00000,0x0000006138b00000] [id=2576]
  0x0000019dd953ed50 GCTaskThread "GC Thread#4" [stack: 0x0000006138b00000,0x0000006138c00000] [id=17500]
  0x0000019dd94d7250 GCTaskThread "GC Thread#5" [stack: 0x0000006138c00000,0x0000006138d00000] [id=2332]
  0x0000019dd98e0340 GCTaskThread "GC Thread#6" [stack: 0x0000006138e00000,0x0000006138f00000] [id=15488]
  0x0000019dd98e1610 GCTaskThread "GC Thread#7" [stack: 0x0000006138f00000,0x0000006139000000] [id=17412]
  0x0000019dd98e0090 GCTaskThread "GC Thread#8" [stack: 0x0000006139000000,0x0000006139100000] [id=12060]
  0x0000019dd98e1360 GCTaskThread "GC Thread#9" [stack: 0x0000006139400000,0x0000006139500000] [id=12632]
  0x0000019dd98dfb30 GCTaskThread "GC Thread#10" [stack: 0x0000006139500000,0x0000006139600000] [id=5968]
  0x0000019ddb500a00 GCTaskThread "GC Thread#11" [stack: 0x0000006139b00000,0x0000006139c00000] [id=18224]
  0x0000019ddb500cb0 GCTaskThread "GC Thread#12" [stack: 0x0000006139c00000,0x0000006139d00000] [id=6176]
  0x0000019ddb502cf0 GCTaskThread "GC Thread#13" [stack: 0x0000006139a00000,0x0000006139b00000] [id=13720]
  0x0000019ddb501770 GCTaskThread "GC Thread#14" [stack: 0x0000006139d00000,0x0000006139e00000] [id=16768]
  0x0000019db52b2570 ConcurrentGCThread "G1 Main Marker" [stack: 0x0000006137300000,0x0000006137400000] [id=15968]
  0x0000019db52b2e90 ConcurrentGCThread "G1 Conc#0" [stack: 0x0000006137400000,0x0000006137500000] [id=16960]
  0x0000019dd98dfde0 ConcurrentGCThread "G1 Conc#1" [stack: 0x0000006139100000,0x0000006139200000] [id=15668]
  0x0000019dd98e08a0 ConcurrentGCThread "G1 Conc#2" [stack: 0x0000006139200000,0x0000006139300000] [id=19168]
  0x0000019dd98e10b0 ConcurrentGCThread "G1 Conc#3" [stack: 0x0000006139300000,0x0000006139400000] [id=4188]
  0x0000019db52eec80 ConcurrentGCThread "G1 Refine#0" [stack: 0x0000006137500000,0x0000006137600000] [id=3644]
  0x0000019dd4718f80 ConcurrentGCThread "G1 Service" [stack: 0x0000006137600000,0x0000006137700000] [id=12792]

Threads with active compile tasks:
C2 CompilerThread0     5549 9312       4       org.jetbrains.kotlin.types.TypeConstructorSubstitution$Companion::createByConstructorsMap (15 bytes)
C2 CompilerThread1     5549 9314       4       org.jetbrains.kotlin.load.java.lazy.descriptors.LazyJavaStaticClassScope$flatMapJavaStaticSupertypesScopes$2::beforeChildren (9 bytes)
C2 CompilerThread2     5549 9284       4       org.jetbrains.kotlin.load.java.lazy.descriptors.LazyJavaScope::getContributedVariables (48 bytes)
C2 CompilerThread3     5549 9298       4       org.jetbrains.kotlin.utils.DFS::doDfs (110 bytes)
C2 CompilerThread4     5549 8880       4       org.jetbrains.kotlin.metadata.ProtoBuf$Function::writeTo (448 bytes)
C2 CompilerThread5     5549 9311       4       org.jetbrains.kotlin.types.DescriptorSubstitutor::substituteTypeParameters (389 bytes)
C2 CompilerThread6     5549 9305       4       org.jetbrains.kotlin.builtins.KotlinBuiltIns::getPrimitiveType (46 bytes)
C2 CompilerThread7     5550 9307       4       org.jetbrains.kotlin.types.TypeUtils::contains (301 bytes)

VM state: not at safepoint (normal execution)

VM Mutex/Monitor currently owned by a thread:  ([mutex/lock_event])
[0x0000019db52302b0] MethodCompileQueue_lock - owner thread: 0x0000000000000000

Heap address: 0x0000000705e00000, size: 4002 MB, Compressed Oops mode: Zero based, Oop shift amount: 3

CDS archive(s) not mapped
Compressed class space mapped at: 0x0000000800000000-0x0000000840000000, reserved size: 1073741824
Narrow klass base: 0x0000000800000000, Narrow klass shift: 0, Narrow klass range: 0x40000000

GC Precious Log:
 CPUs: 20 total, 20 available
 Memory: 16003M
 Large Page Support: Disabled
 NUMA Support: Disabled
 Compressed Oops: Enabled (Zero based)
 Heap Region Size: 2M
 Heap Min Capacity: 8M
 Heap Initial Capacity: 252M
 Heap Max Capacity: 4002M
 Pre-touch: Disabled
 Parallel Workers: 15
 Concurrent Workers: 4
 Concurrent Refinement Workers: 15
 Periodic GC: Disabled

Heap:
 garbage-first heap   total 151552K, used 106291K [0x0000000705e00000, 0x0000000800000000)
  region size 2048K, 35 young (71680K), 2 survivors (4096K)
 Metaspace       used 68489K, committed 68736K, reserved 1114112K
  class space    used 7953K, committed 8064K, reserved 1048576K

Heap Regions: E=young(eden), S=young(survivor), O=old, HS=humongous(starts), HC=humongous(continues), CS=collection set, F=free, OA=open archive, CA=closed archive, TAMS=top-at-mark-start (previous, next)
|   0|0x0000000705e00000, 0x0000000706000000, 0x0000000706000000|100%|HS|  |TAMS 0x0000000706000000, 0x0000000705e00000| Complete 
|   1|0x0000000706000000, 0x0000000706200000, 0x0000000706200000|100%|HC|  |TAMS 0x0000000706200000, 0x0000000706000000| Complete 
|   2|0x0000000706200000, 0x0000000706400000, 0x0000000706400000|100%| O|  |TAMS 0x0000000706400000, 0x0000000706200000| Untracked 
|   3|0x0000000706400000, 0x0000000706600000, 0x0000000706600000|100%| O|  |TAMS 0x0000000706600000, 0x0000000706400000| Untracked 
|   4|0x0000000706600000, 0x0000000706800000, 0x0000000706800000|100%| O|  |TAMS 0x0000000706800000, 0x0000000706600000| Untracked 
|   5|0x0000000706800000, 0x0000000706a00000, 0x0000000706a00000|100%|HS|  |TAMS 0x0000000706a00000, 0x0000000706800000| Complete 
|   6|0x0000000706a00000, 0x0000000706c00000, 0x0000000706c00000|100%| O|  |TAMS 0x0000000706c00000, 0x0000000706a00000| Untracked 
|   7|0x0000000706c00000, 0x0000000706e00000, 0x0000000706e00000|100%| O|  |TAMS 0x0000000706e00000, 0x0000000706c00000| Untracked 
|   8|0x0000000706e00000, 0x0000000707000000, 0x0000000707000000|100%| O|  |TAMS 0x0000000707000000, 0x0000000706e00000| Untracked 
|   9|0x0000000707000000, 0x0000000707200000, 0x0000000707200000|100%| O|  |TAMS 0x0000000707200000, 0x0000000707000000| Untracked 
|  10|0x0000000707200000, 0x0000000707400000, 0x0000000707400000|100%| O|  |TAMS 0x0000000707285400, 0x0000000707200000| Untracked 
|  11|0x0000000707400000, 0x0000000707600000, 0x0000000707600000|100%| O|  |TAMS 0x0000000707600000, 0x0000000707400000| Untracked 
|  12|0x0000000707600000, 0x0000000707800000, 0x0000000707800000|100%| O|  |TAMS 0x0000000707800000, 0x0000000707600000| Untracked 
|  13|0x0000000707800000, 0x0000000707a00000, 0x0000000707a00000|100%| O|  |TAMS 0x0000000707800000, 0x0000000707800000| Untracked 
|  14|0x0000000707a00000, 0x0000000707c00000, 0x0000000707c00000|100%| O|  |TAMS 0x0000000707a00000, 0x0000000707a00000| Untracked 
|  15|0x0000000707c00000, 0x0000000707e00000, 0x0000000707e00000|100%| O|  |TAMS 0x0000000707c00000, 0x0000000707c00000| Untracked 
|  16|0x0000000707e00000, 0x0000000708000000, 0x0000000708000000|100%| O|  |TAMS 0x0000000707e00000, 0x0000000707e00000| Untracked 
|  17|0x0000000708000000, 0x0000000708200000, 0x0000000708200000|100%| O|  |TAMS 0x0000000708000000, 0x0000000708000000| Untracked 
|  18|0x0000000708200000, 0x000000070828ec00, 0x0000000708400000| 27%| O|  |TAMS 0x0000000708200000, 0x0000000708200000| Untracked 
|  19|0x0000000708400000, 0x0000000708400000, 0x0000000708600000|  0%| F|  |TAMS 0x0000000708400000, 0x0000000708400000| Untracked 
|  20|0x0000000708600000, 0x0000000708600000, 0x0000000708800000|  0%| F|  |TAMS 0x0000000708600000, 0x0000000708600000| Untracked 
|  21|0x0000000708800000, 0x0000000708800000, 0x0000000708a00000|  0%| F|  |TAMS 0x0000000708800000, 0x0000000708800000| Untracked 
|  22|0x0000000708a00000, 0x0000000708a00000, 0x0000000708c00000|  0%| F|  |TAMS 0x0000000708a00000, 0x0000000708a00000| Untracked 
|  23|0x0000000708c00000, 0x0000000708c00000, 0x0000000708e00000|  0%| F|  |TAMS 0x0000000708c00000, 0x0000000708c00000| Untracked 
|  24|0x0000000708e00000, 0x0000000708e00000, 0x0000000709000000|  0%| F|  |TAMS 0x0000000708e00000, 0x0000000708e00000| Untracked 
|  25|0x0000000709000000, 0x0000000709000000, 0x0000000709200000|  0%| F|  |TAMS 0x0000000709000000, 0x0000000709000000| Untracked 
|  26|0x0000000709200000, 0x0000000709200000, 0x0000000709400000|  0%| F|  |TAMS 0x0000000709200000, 0x0000000709200000| Untracked 
|  27|0x0000000709400000, 0x0000000709400000, 0x0000000709600000|  0%| F|  |TAMS 0x0000000709400000, 0x0000000709400000| Untracked 
|  28|0x0000000709600000, 0x0000000709600000, 0x0000000709800000|  0%| F|  |TAMS 0x0000000709600000, 0x0000000709600000| Untracked 
|  29|0x0000000709800000, 0x0000000709800000, 0x0000000709a00000|  0%| F|  |TAMS 0x0000000709800000, 0x0000000709800000| Untracked 
|  30|0x0000000709a00000, 0x0000000709a00000, 0x0000000709c00000|  0%| F|  |TAMS 0x0000000709a00000, 0x0000000709a00000| Untracked 
|  31|0x0000000709c00000, 0x0000000709c00000, 0x0000000709e00000|  0%| F|  |TAMS 0x0000000709c00000, 0x0000000709c00000| Untracked 
|  32|0x0000000709e00000, 0x0000000709e00000, 0x000000070a000000|  0%| F|  |TAMS 0x0000000709e00000, 0x0000000709e00000| Untracked 
|  33|0x000000070a000000, 0x000000070a000000, 0x000000070a200000|  0%| F|  |TAMS 0x000000070a000000, 0x000000070a000000| Untracked 
|  34|0x000000070a200000, 0x000000070a200000, 0x000000070a400000|  0%| F|  |TAMS 0x000000070a200000, 0x000000070a200000| Untracked 
|  35|0x000000070a400000, 0x000000070a400000, 0x000000070a600000|  0%| F|  |TAMS 0x000000070a400000, 0x000000070a400000| Untracked 
|  36|0x000000070a600000, 0x000000070a600000, 0x000000070a800000|  0%| F|  |TAMS 0x000000070a600000, 0x000000070a600000| Untracked 
|  37|0x000000070a800000, 0x000000070a800000, 0x000000070aa00000|  0%| F|  |TAMS 0x000000070a800000, 0x000000070a800000| Untracked 
|  38|0x000000070aa00000, 0x000000070aa00000, 0x000000070ac00000|  0%| F|  |TAMS 0x000000070aa00000, 0x000000070aa00000| Untracked 
|  39|0x000000070ac00000, 0x000000070ad00800, 0x000000070ae00000| 50%| E|  |TAMS 0x000000070ac00000, 0x000000070ac00000| Complete 
|  40|0x000000070ae00000, 0x000000070b000000, 0x000000070b000000|100%| E|CS|TAMS 0x000000070ae00000, 0x000000070ae00000| Complete 
|  41|0x000000070b000000, 0x000000070b200000, 0x000000070b200000|100%| E|CS|TAMS 0x000000070b000000, 0x000000070b000000| Complete 
|  42|0x000000070b200000, 0x000000070b400000, 0x000000070b400000|100%| E|CS|TAMS 0x000000070b200000, 0x000000070b200000| Complete 
|  43|0x000000070b400000, 0x000000070b600000, 0x000000070b600000|100%| E|CS|TAMS 0x000000070b400000, 0x000000070b400000| Complete 
|  44|0x000000070b600000, 0x000000070b800000, 0x000000070b800000|100%| E|CS|TAMS 0x000000070b600000, 0x000000070b600000| Complete 
|  45|0x000000070b800000, 0x000000070ba00000, 0x000000070ba00000|100%| E|CS|TAMS 0x000000070b800000, 0x000000070b800000| Complete 
|  46|0x000000070ba00000, 0x000000070bc00000, 0x000000070bc00000|100%| E|CS|TAMS 0x000000070ba00000, 0x000000070ba00000| Complete 
|  47|0x000000070bc00000, 0x000000070be00000, 0x000000070be00000|100%| E|CS|TAMS 0x000000070bc00000, 0x000000070bc00000| Complete 
|  48|0x000000070be00000, 0x000000070c000000, 0x000000070c000000|100%| E|CS|TAMS 0x000000070be00000, 0x000000070be00000| Complete 
|  49|0x000000070c000000, 0x000000070c200000, 0x000000070c200000|100%| E|CS|TAMS 0x000000070c000000, 0x000000070c000000| Complete 
|  50|0x000000070c200000, 0x000000070c400000, 0x000000070c400000|100%| E|CS|TAMS 0x000000070c200000, 0x000000070c200000| Complete 
|  51|0x000000070c400000, 0x000000070c600000, 0x000000070c600000|100%| E|CS|TAMS 0x000000070c400000, 0x000000070c400000| Complete 
|  52|0x000000070c600000, 0x000000070c800000, 0x000000070c800000|100%| E|CS|TAMS 0x000000070c600000, 0x000000070c600000| Complete 
|  53|0x000000070c800000, 0x000000070ca00000, 0x000000070ca00000|100%| E|CS|TAMS 0x000000070c800000, 0x000000070c800000| Complete 
|  54|0x000000070ca00000, 0x000000070cc00000, 0x000000070cc00000|100%| E|CS|TAMS 0x000000070ca00000, 0x000000070ca00000| Complete 
|  55|0x000000070cc00000, 0x000000070ce00000, 0x000000070ce00000|100%| E|CS|TAMS 0x000000070cc00000, 0x000000070cc00000| Complete 
|  56|0x000000070ce00000, 0x000000070d000000, 0x000000070d000000|100%| E|CS|TAMS 0x000000070ce00000, 0x000000070ce00000| Complete 
|  57|0x000000070d000000, 0x000000070d200000, 0x000000070d200000|100%| E|CS|TAMS 0x000000070d000000, 0x000000070d000000| Complete 
|  58|0x000000070d200000, 0x000000070d400000, 0x000000070d400000|100%| E|CS|TAMS 0x000000070d200000, 0x000000070d200000| Complete 
|  59|0x000000070d400000, 0x000000070d600000, 0x000000070d600000|100%| E|CS|TAMS 0x000000070d400000, 0x000000070d400000| Complete 
|  60|0x000000070d600000, 0x000000070d800000, 0x000000070d800000|100%| E|CS|TAMS 0x000000070d600000, 0x000000070d600000| Complete 
|  61|0x000000070d800000, 0x000000070da00000, 0x000000070da00000|100%| E|CS|TAMS 0x000000070d800000, 0x000000070d800000| Complete 
|  62|0x000000070da00000, 0x000000070dc00000, 0x000000070dc00000|100%| E|CS|TAMS 0x000000070da00000, 0x000000070da00000| Complete 
|  63|0x000000070dc00000, 0x000000070de00000, 0x000000070de00000|100%| E|CS|TAMS 0x000000070dc00000, 0x000000070dc00000| Complete 
|  64|0x000000070de00000, 0x000000070e000000, 0x000000070e000000|100%| E|CS|TAMS 0x000000070de00000, 0x000000070de00000| Complete 
|  65|0x000000070e000000, 0x000000070e13e190, 0x000000070e200000| 62%| S|CS|TAMS 0x000000070e000000, 0x000000070e000000| Complete 
|  66|0x000000070e200000, 0x000000070e400000, 0x000000070e400000|100%| S|CS|TAMS 0x000000070e200000, 0x000000070e200000| Complete 
|  67|0x000000070e400000, 0x000000070e600000, 0x000000070e600000|100%| E|CS|TAMS 0x000000070e400000, 0x000000070e400000| Complete 
|  68|0x000000070e600000, 0x000000070e800000, 0x000000070e800000|100%| E|CS|TAMS 0x000000070e600000, 0x000000070e600000| Complete 
|  69|0x000000070e800000, 0x000000070ea00000, 0x000000070ea00000|100%| E|CS|TAMS 0x000000070e800000, 0x000000070e800000| Complete 
|  70|0x000000070ea00000, 0x000000070ec00000, 0x000000070ec00000|100%| E|CS|TAMS 0x000000070ea00000, 0x000000070ea00000| Complete 
|  71|0x000000070ec00000, 0x000000070ee00000, 0x000000070ee00000|100%| E|CS|TAMS 0x000000070ec00000, 0x000000070ec00000| Complete 
|  72|0x000000070ee00000, 0x000000070f000000, 0x000000070f000000|100%| E|CS|TAMS 0x000000070ee00000, 0x000000070ee00000| Complete 
| 125|0x0000000715800000, 0x0000000715a00000, 0x0000000715a00000|100%| E|CS|TAMS 0x0000000715800000, 0x0000000715800000| Complete 

Card table byte_map: [0x0000019dc89a0000,0x0000019dc9180000] _byte_map_base: 0x0000019dc5171000

Marking Bits (Prev, Next): (CMBitMap*) 0x0000019db52a2270, (CMBitMap*) 0x0000019db52a2230
 Prev Bits: [0x0000019dcd7f0000, 0x0000019dd1678000)
 Next Bits: [0x0000019dc9960000, 0x0000019dcd7e8000)

Polling page: 0x0000019db2eb0000

Metaspace:

Usage:
  Non-class:     59.12 MB used.
      Class:      7.77 MB used.
       Both:     66.89 MB used.

Virtual space:
  Non-class space:       64.00 MB reserved,      59.25 MB ( 93%) committed,  1 nodes.
      Class space:        1.00 GB reserved,       7.88 MB ( <1%) committed,  1 nodes.
             Both:        1.06 GB reserved,      67.12 MB (  6%) committed. 

Chunk freelists:
   Non-Class:  4.70 MB
       Class:  8.10 MB
        Both:  12.80 MB

MaxMetaspaceSize: unlimited
CompressedClassSpaceSize: 1.00 GB
Initial GC threshold: 21.00 MB
Current GC threshold: 96.06 MB
CDS: off
MetaspaceReclaimPolicy: balanced
 - commit_granule_bytes: 65536.
 - commit_granule_words: 8192.
 - virtual_space_node_default_size: 8388608.
 - enlarge_chunks_in_place: 1.
 - new_chunks_are_fully_committed: 0.
 - uncommit_free_chunks: 1.
 - use_allocation_guard: 0.
 - handle_deallocations: 1.


Internal statistics:

num_allocs_failed_limit: 6.
num_arena_births: 290.
num_arena_deaths: 0.
num_vsnodes_births: 2.
num_vsnodes_deaths: 0.
num_space_committed: 1072.
num_space_uncommitted: 0.
num_chunks_returned_to_freelist: 6.
num_chunks_taken_from_freelist: 2424.
num_chunk_merges: 6.
num_chunk_splits: 1996.
num_chunks_enlarged: 1793.
num_inconsistent_stats: 0.

CodeHeap 'non-profiled nmethods': size=119168Kb used=4351Kb max_used=4731Kb free=114816Kb
 bounds [0x0000019dc02a0000, 0x0000019dc0740000, 0x0000019dc7700000]
CodeHeap 'profiled nmethods': size=119104Kb used=22401Kb max_used=22822Kb free=96702Kb
 bounds [0x0000019db8700000, 0x0000019db9d60000, 0x0000019dbfb50000]
CodeHeap 'non-nmethods': size=7488Kb used=3053Kb max_used=3093Kb free=4434Kb
 bounds [0x0000019dbfb50000, 0x0000019dbfe60000, 0x0000019dc02a0000]
 total_blobs=8687 nmethods=7997 adapters=596
 compilation: enabled
              stopped_count=0, restarted_count=0
 full_count=0

Compilation events (20 events):
Event: 5.519 Thread 0x0000019dda940890 9293       4       org.jetbrains.kotlin.name.ClassId::hashCode (39 bytes)
Event: 5.520 Thread 0x0000019dd4cd9360 nmethod 9292 0x0000019db8ed2710 code [0x0000019db8ed2dc0, 0x0000019db8ed6e48]
Event: 5.521 Thread 0x0000019dd4cd6a40 9294       3       org.jetbrains.kotlin.load.java.lazy.types.JavaTypeResolver::computeTypeConstructor (212 bytes)
Event: 5.522 Thread 0x0000019dd9e93320 nmethod 9285 0x0000019dc052b310 code [0x0000019dc052b4c0, 0x0000019dc052bc88]
Event: 5.522 Thread 0x0000019ddaf02320 9295       4       org.jetbrains.kotlin.descriptors.impl.PropertyDescriptorImpl::getVisibility (14 bytes)
Event: 5.522 Thread 0x0000019dd4d78ca0 9296       4       org.jetbrains.kotlin.descriptors.DescriptorVisibilities::compare (51 bytes)
Event: 5.523 Thread 0x0000019ddaf01900 nmethod 9290 0x0000019dc0592d90 code [0x0000019dc0592f80, 0x0000019dc0593538]
Event: 5.523 Thread 0x0000019dd4b64330 9297       1       org.jetbrains.kotlin.load.java.structure.impl.classFiles.BinaryJavaField::getType (5 bytes)
Event: 5.523 Thread 0x0000019dd9e93320 9298       4       org.jetbrains.kotlin.utils.DFS::doDfs (110 bytes)
Event: 5.524 Thread 0x0000019dd9404460 9299       3       org.jetbrains.kotlin.types.SimpleTypeImpl::replaceAttributes (36 bytes)
Event: 5.524 Thread 0x0000019dd4b64330 nmethod 9297 0x0000019dc052ad10 code [0x0000019dc052aea0, 0x0000019dc052af78]
Event: 5.524 Thread 0x0000019dd4cd6a40 nmethod 9294 0x0000019db910e290 code [0x0000019db910e6a0, 0x0000019db9110388]
Event: 5.524 Thread 0x0000019ddaf02320 nmethod 9295 0x0000019dc052b010 code [0x0000019dc052b180, 0x0000019dc052b218]
Event: 5.524 Thread 0x0000019ddaf02320 9300       4       org.jetbrains.kotlin.descriptors.DescriptorVisibilities::isVisibleIgnoringReceiver (34 bytes)
Event: 5.524 Thread 0x0000019dd4b64330 9301       3       org.jetbrains.kotlin.load.java.lazy.descriptors.LazyJavaScope::isFinalStatic (24 bytes)
Event: 5.525 Thread 0x0000019dd4b64330 nmethod 9301 0x0000019db930bf10 code [0x0000019db930c0c0, 0x0000019db930c3f8]
Event: 5.525 Thread 0x0000019dd4cd9360 9302       3       org.jetbrains.kotlin.load.java.structure.impl.classFiles.BinaryJavaField::getAnnotationsByFqName (15 bytes)
Event: 5.526 Thread 0x0000019dd4cd9360 nmethod 9302 0x0000019db8ff1090 code [0x0000019db8ff1240, 0x0000019db8ff1528]
Event: 5.526 Thread 0x0000019dd9404460 nmethod 9299 0x0000019db8e5c790 code [0x0000019db8e5caa0, 0x0000019db8e5dca8]
Event: 5.526 Thread 0x0000019ddaf01900 9303       4       org.jetbrains.kotlin.descriptors.impl.PropertyDescriptorImpl::getOverriddenDescriptors (27 bytes)

GC Heap History (20 events):
Event: 0.929 GC heap before
{Heap before GC invocations=4 (full 0):
 garbage-first heap   total 34816K, used 25512K [0x0000000705e00000, 0x0000000800000000)
  region size 2048K, 10 young (20480K), 3 survivors (6144K)
 Metaspace       used 29035K, committed 29248K, reserved 1114112K
  class space    used 3552K, committed 3648K, reserved 1048576K
}
Event: 0.934 GC heap after
{Heap after GC invocations=5 (full 0):
 garbage-first heap   total 34816K, used 14018K [0x0000000705e00000, 0x0000000800000000)
  region size 2048K, 2 young (4096K), 2 survivors (4096K)
 Metaspace       used 29035K, committed 29248K, reserved 1114112K
  class space    used 3552K, committed 3648K, reserved 1048576K
}
Event: 1.053 GC heap before
{Heap before GC invocations=5 (full 0):
 garbage-first heap   total 34816K, used 22210K [0x0000000705e00000, 0x0000000800000000)
  region size 2048K, 7 young (14336K), 2 survivors (4096K)
 Metaspace       used 30996K, committed 31168K, reserved 1114112K
  class space    used 3984K, committed 4032K, reserved 1048576K
}
Event: 1.058 GC heap after
{Heap after GC invocations=6 (full 0):
 garbage-first heap   total 34816K, used 15497K [0x0000000705e00000, 0x0000000800000000)
  region size 2048K, 1 young (2048K), 1 survivors (2048K)
 Metaspace       used 30996K, committed 31168K, reserved 1114112K
  class space    used 3984K, committed 4032K, reserved 1048576K
}
Event: 1.138 GC heap before
{Heap before GC invocations=6 (full 0):
 garbage-first heap   total 34816K, used 23689K [0x0000000705e00000, 0x0000000800000000)
  region size 2048K, 5 young (10240K), 1 survivors (2048K)
 Metaspace       used 33440K, committed 33600K, reserved 1114112K
  class space    used 4238K, committed 4288K, reserved 1048576K
}
Event: 1.141 GC heap after
{Heap after GC invocations=7 (full 0):
 garbage-first heap   total 34816K, used 16544K [0x0000000705e00000, 0x0000000800000000)
  region size 2048K, 1 young (2048K), 1 survivors (2048K)
 Metaspace       used 33440K, committed 33600K, reserved 1114112K
  class space    used 4238K, committed 4288K, reserved 1048576K
}
Event: 1.204 GC heap before
{Heap before GC invocations=7 (full 0):
 garbage-first heap   total 34816K, used 24736K [0x0000000705e00000, 0x0000000800000000)
  region size 2048K, 5 young (10240K), 1 survivors (2048K)
 Metaspace       used 35064K, committed 35264K, reserved 1114112K
  class space    used 4433K, committed 4544K, reserved 1048576K
}
Event: 1.207 GC heap after
{Heap after GC invocations=8 (full 0):
 garbage-first heap   total 147456K, used 15289K [0x0000000705e00000, 0x0000000800000000)
  region size 2048K, 1 young (2048K), 1 survivors (2048K)
 Metaspace       used 35064K, committed 35264K, reserved 1114112K
  class space    used 4433K, committed 4544K, reserved 1048576K
}
Event: 1.550 GC heap before
{Heap before GC invocations=9 (full 0):
 garbage-first heap   total 61440K, used 50105K [0x0000000705e00000, 0x0000000800000000)
  region size 2048K, 19 young (38912K), 1 survivors (2048K)
 Metaspace       used 43108K, committed 43328K, reserved 1114112K
  class space    used 5223K, committed 5376K, reserved 1048576K
}
Event: 1.555 GC heap after
{Heap after GC invocations=10 (full 0):
 garbage-first heap   total 61440K, used 18328K [0x0000000705e00000, 0x0000000800000000)
  region size 2048K, 3 young (6144K), 3 survivors (6144K)
 Metaspace       used 43108K, committed 43328K, reserved 1114112K
  class space    used 5223K, committed 5376K, reserved 1048576K
}
Event: 1.610 GC heap before
{Heap before GC invocations=10 (full 0):
 garbage-first heap   total 61440K, used 18328K [0x0000000705e00000, 0x0000000800000000)
  region size 2048K, 4 young (8192K), 3 survivors (6144K)
 Metaspace       used 43661K, committed 43904K, reserved 1114112K
  class space    used 5294K, committed 5440K, reserved 1048576K
}
Event: 1.616 GC heap after
{Heap after GC invocations=11 (full 0):
 garbage-first heap   total 61440K, used 18860K [0x0000000705e00000, 0x0000000800000000)
  region size 2048K, 1 young (2048K), 1 survivors (2048K)
 Metaspace       used 43661K, committed 43904K, reserved 1114112K
  class space    used 5294K, committed 5440K, reserved 1048576K
}
Event: 1.958 GC heap before
{Heap before GC invocations=11 (full 0):
 garbage-first heap   total 61440K, used 43436K [0x0000000705e00000, 0x0000000800000000)
  region size 2048K, 13 young (26624K), 1 survivors (2048K)
 Metaspace       used 47459K, committed 47680K, reserved 1114112K
  class space    used 5760K, committed 5888K, reserved 1048576K
}
Event: 1.963 GC heap after
{Heap after GC invocations=12 (full 0):
 garbage-first heap   total 61440K, used 23854K [0x0000000705e00000, 0x0000000800000000)
  region size 2048K, 2 young (4096K), 2 survivors (4096K)
 Metaspace       used 47459K, committed 47680K, reserved 1114112K
  class space    used 5760K, committed 5888K, reserved 1048576K
}
Event: 2.067 GC heap before
{Heap before GC invocations=12 (full 0):
 garbage-first heap   total 61440K, used 46382K [0x0000000705e00000, 0x0000000800000000)
  region size 2048K, 13 young (26624K), 2 survivors (4096K)
 Metaspace       used 47815K, committed 48000K, reserved 1114112K
  class space    used 5783K, committed 5888K, reserved 1048576K
}
Event: 2.072 GC heap after
{Heap after GC invocations=13 (full 0):
 garbage-first heap   total 159744K, used 25204K [0x0000000705e00000, 0x0000000800000000)
  region size 2048K, 1 young (2048K), 1 survivors (2048K)
 Metaspace       used 47815K, committed 48000K, reserved 1114112K
  class space    used 5783K, committed 5888K, reserved 1048576K
}
Event: 3.564 GC heap before
{Heap before GC invocations=13 (full 0):
 garbage-first heap   total 159744K, used 117364K [0x0000000705e00000, 0x0000000800000000)
  region size 2048K, 46 young (94208K), 1 survivors (2048K)
 Metaspace       used 56183K, committed 56384K, reserved 1114112K
  class space    used 6642K, committed 6720K, reserved 1048576K
}
Event: 3.575 GC heap after
{Heap after GC invocations=14 (full 0):
 garbage-first heap   total 159744K, used 37397K [0x0000000705e00000, 0x0000000800000000)
  region size 2048K, 6 young (12288K), 6 survivors (12288K)
 Metaspace       used 56183K, committed 56384K, reserved 1114112K
  class space    used 6642K, committed 6720K, reserved 1048576K
}
Event: 3.968 GC heap before
{Heap before GC invocations=14 (full 0):
 garbage-first heap   total 159744K, used 57877K [0x0000000705e00000, 0x0000000800000000)
  region size 2048K, 17 young (34816K), 6 survivors (12288K)
 Metaspace       used 58660K, committed 58880K, reserved 1114112K
  class space    used 7009K, committed 7104K, reserved 1048576K
}
Event: 3.981 GC heap after
{Heap after GC invocations=15 (full 0):
 garbage-first heap   total 159744K, used 40755K [0x0000000705e00000, 0x0000000800000000)
  region size 2048K, 2 young (4096K), 2 survivors (4096K)
 Metaspace       used 58660K, committed 58880K, reserved 1114112K
  class space    used 7009K, committed 7104K, reserved 1048576K
}

Dll operation events (2 events):
Event: 0.004 Loaded shared library C:\Program Files\Android\Android Studio\jbr\bin\java.dll
Event: 0.765 Loaded shared library C:\Program Files\Android\Android Studio\jbr\bin\verify.dll

Deoptimization events (20 events):
Event: 5.332 Thread 0x0000019db5233c90 DEOPT PACKING pc=0x0000019dc062deec sp=0x00000061371fe700
Event: 5.332 Thread 0x0000019db5233c90 DEOPT UNPACKING pc=0x0000019dbfba69a3 sp=0x00000061371fe650 mode 2
Event: 5.477 Thread 0x0000019db5233c90 DEOPT PACKING pc=0x0000019db949d91c sp=0x00000061371fe230
Event: 5.477 Thread 0x0000019db5233c90 DEOPT UNPACKING pc=0x0000019dbfba7143 sp=0x00000061371fd878 mode 0
Event: 5.502 Thread 0x0000019db5233c90 Uncommon trap: trap_request=0xffffffde fr.pc=0x0000019dc05cbfb0 relative=0x00000000000004d0
Event: 5.502 Thread 0x0000019db5233c90 Uncommon trap: reason=class_check action=maybe_recompile pc=0x0000019dc05cbfb0 method=kotlin.collections.CollectionsKt___CollectionsKt.toSet(Ljava/lang/Iterable;)Ljava/util/Set; @ 58 c2
Event: 5.502 Thread 0x0000019db5233c90 DEOPT PACKING pc=0x0000019dc05cbfb0 sp=0x00000061371fe190
Event: 5.502 Thread 0x0000019db5233c90 DEOPT UNPACKING pc=0x0000019dbfba69a3 sp=0x00000061371fe180 mode 2
Event: 5.503 Thread 0x0000019db5233c90 Uncommon trap: trap_request=0xffffffde fr.pc=0x0000019dc05cbfb0 relative=0x00000000000004d0
Event: 5.503 Thread 0x0000019db5233c90 Uncommon trap: reason=class_check action=maybe_recompile pc=0x0000019dc05cbfb0 method=kotlin.collections.CollectionsKt___CollectionsKt.toSet(Ljava/lang/Iterable;)Ljava/util/Set; @ 58 c2
Event: 5.503 Thread 0x0000019db5233c90 DEOPT PACKING pc=0x0000019dc05cbfb0 sp=0x00000061371fdb50
Event: 5.503 Thread 0x0000019db5233c90 DEOPT UNPACKING pc=0x0000019dbfba69a3 sp=0x00000061371fdb40 mode 2
Event: 5.503 Thread 0x0000019db5233c90 Uncommon trap: trap_request=0xffffffde fr.pc=0x0000019dc05cbfb0 relative=0x00000000000004d0
Event: 5.503 Thread 0x0000019db5233c90 Uncommon trap: reason=class_check action=maybe_recompile pc=0x0000019dc05cbfb0 method=kotlin.collections.CollectionsKt___CollectionsKt.toSet(Ljava/lang/Iterable;)Ljava/util/Set; @ 58 c2
Event: 5.503 Thread 0x0000019db5233c90 DEOPT PACKING pc=0x0000019dc05cbfb0 sp=0x00000061371fde70
Event: 5.503 Thread 0x0000019db5233c90 DEOPT UNPACKING pc=0x0000019dbfba69a3 sp=0x00000061371fde60 mode 2
Event: 5.503 Thread 0x0000019db5233c90 Uncommon trap: trap_request=0xffffffde fr.pc=0x0000019dc05cbfb0 relative=0x00000000000004d0
Event: 5.503 Thread 0x0000019db5233c90 Uncommon trap: reason=class_check action=maybe_recompile pc=0x0000019dc05cbfb0 method=kotlin.collections.CollectionsKt___CollectionsKt.toSet(Ljava/lang/Iterable;)Ljava/util/Set; @ 58 c2
Event: 5.503 Thread 0x0000019db5233c90 DEOPT PACKING pc=0x0000019dc05cbfb0 sp=0x00000061371fe190
Event: 5.503 Thread 0x0000019db5233c90 DEOPT UNPACKING pc=0x0000019dbfba69a3 sp=0x00000061371fe180 mode 2

Classes unloaded (0 events):
No events

Classes redefined (0 events):
No events

Internal exceptions (20 events):
Event: 2.954 Thread 0x0000019db5233c90 Implicit null exception at 0x0000019dc02f6f0f to 0x0000019dc02f7188
Event: 2.954 Thread 0x0000019db5233c90 Implicit null exception at 0x0000019dc02fe88f to 0x0000019dc02fe909
Event: 3.037 Thread 0x0000019db5233c90 Exception <a 'java/lang/NoSuchMethodError'{0x000000070c6da810}: 'java.lang.Object java.lang.invoke.DirectMethodHandle$Holder.newInvokeSpecial(java.lang.Object, int, java.lang.Object)'> (0x000000070c6da810) 
thrown [s\src\hotspot\share\interpreter\linkResolver.cpp, line 771]
Event: 3.040 Thread 0x0000019db5233c90 Exception <a 'java/lang/NoSuchMethodError'{0x000000070c6e0e70}: 'int java.lang.invoke.DirectMethodHandle$Holder.invokeInterface(java.lang.Object, java.lang.Object)'> (0x000000070c6e0e70) 
thrown [s\src\hotspot\share\interpreter\linkResolver.cpp, line 771]
Event: 3.445 Thread 0x0000019db5233c90 Implicit null exception at 0x0000019dc05ad997 to 0x0000019dc05adee7
Event: 3.524 Thread 0x0000019db5233c90 Implicit null exception at 0x0000019dc03da64c to 0x0000019dc03da734
Event: 3.532 Thread 0x0000019db5233c90 Exception <a 'java/lang/NoSuchMethodError'{0x000000070a37d308}: 'int java.lang.invoke.DirectMethodHandle$Holder.invokeStaticInit(java.lang.Object, int)'> (0x000000070a37d308) 
thrown [s\src\hotspot\share\interpreter\linkResolver.cpp, line 771]
Event: 4.015 Thread 0x0000019db5233c90 Exception <a 'java/lang/NoSuchMethodError'{0x00000007158ea7a0}: 'java.lang.Object java.lang.invoke.DirectMethodHandle$Holder.invokeStatic(java.lang.Object, java.lang.Object, java.lang.Object, java.lang.Object, int)'> (0x00000007158ea7a0) 
thrown [s\src\hotspot\share\interpreter\linkResolver.cpp, line 771]
Event: 4.016 Thread 0x0000019db5233c90 Exception <a 'java/lang/NoSuchMethodError'{0x00000007158f4488}: 'java.lang.Object java.lang.invoke.DirectMethodHandle$Holder.newInvokeSpecial(java.lang.Object, java.lang.Object, java.lang.Object, java.lang.Object, int)'> (0x00000007158f4488) 
thrown [s\src\hotspot\share\interpreter\linkResolver.cpp, line 771]
Event: 4.016 Thread 0x0000019db5233c90 Exception <a 'java/lang/NoSuchMethodError'{0x00000007158fc558}: 'java.lang.Object java.lang.invoke.Invokers$Holder.linkToTargetMethod(java.lang.Object, java.lang.Object, java.lang.Object, int, java.lang.Object)'> (0x00000007158fc558) 
thrown [s\src\hotspot\share\interpreter\linkResolver.cpp, line 771]
Event: 4.053 Thread 0x0000019db5233c90 Exception <a 'java/lang/NoSuchMethodError'{0x000000070eeab100}: 'void java.lang.invoke.DirectMethodHandle$Holder.invokeInterface(java.lang.Object, java.lang.Object)'> (0x000000070eeab100) 
thrown [s\src\hotspot\share\interpreter\linkResolver.cpp, line 771]
Event: 4.102 Thread 0x0000019db5233c90 Exception <a 'java/lang/IncompatibleClassChangeError'{0x000000070ecb7958}: Found class java.lang.Object, but interface was expected> (0x000000070ecb7958) 
thrown [s\src\hotspot\share\interpreter\linkResolver.cpp, line 838]
Event: 4.342 Thread 0x0000019db5233c90 Exception <a 'java/lang/NoSuchMethodError'{0x000000070de9e180}: 'java.lang.Object java.lang.invoke.DirectMethodHandle$Holder.invokeInterface(java.lang.Object, java.lang.Object, java.lang.Object)'> (0x000000070de9e180) 
thrown [s\src\hotspot\share\interpreter\linkResolver.cpp, line 771]
Event: 4.343 Thread 0x0000019db5233c90 Exception <a 'java/lang/IncompatibleClassChangeError'{0x000000070dea1af0}: Found class java.lang.Object, but interface was expected> (0x000000070dea1af0) 
thrown [s\src\hotspot\share\interpreter\linkResolver.cpp, line 838]
Event: 4.407 Thread 0x0000019db5233c90 Implicit null exception at 0x0000019dc059233c to 0x0000019dc0592c38
Event: 4.507 Thread 0x0000019db5233c90 Exception <a 'java/lang/NoSuchMethodError'{0x000000070d899c78}: 'java.lang.Object java.lang.invoke.DirectMethodHandle$Holder.invokeStatic(java.lang.Object, int, java.lang.Object)'> (0x000000070d899c78) 
thrown [s\src\hotspot\share\interpreter\linkResolver.cpp, line 771]
Event: 4.914 Thread 0x0000019db5233c90 Exception <a 'java/lang/NoSuchMethodError'{0x000000070d1dd768}: 'java.lang.Object java.lang.invoke.DirectMethodHandle$Holder.newInvokeSpecial(java.lang.Object, int, java.lang.Object, java.lang.Object)'> (0x000000070d1dd768) 
thrown [s\src\hotspot\share\interpreter\linkResolver.cpp, line 771]
Event: 5.426 Thread 0x0000019db5233c90 Exception <a 'java/lang/NoSuchMethodError'{0x000000070b7d4538}: 'java.lang.Object java.lang.invoke.DirectMethodHandle$Holder.newInvokeSpecial(java.lang.Object, java.lang.Object, java.lang.Object, int, int)'> (0x000000070b7d4538) 
thrown [s\src\hotspot\share\interpreter\linkResolver.cpp, line 771]
Event: 5.426 Thread 0x0000019db5233c90 Exception <a 'java/lang/NoSuchMethodError'{0x000000070b7d8378}: 'java.lang.Object java.lang.invoke.DirectMethodHandle$Holder.invokeSpecial(java.lang.Object, java.lang.Object, java.lang.Object, java.lang.Object, int, int)'> (0x000000070b7d8378) 
thrown [s\src\hotspot\share\interpreter\linkResolver.cpp, line 771]
Event: 5.451 Thread 0x0000019db5233c90 Exception <a 'java/lang/NoSuchMethodError'{0x000000070b5a3fd8}: 'java.lang.Object java.lang.invoke.DirectMethodHandle$Holder.invokeSpecial(java.lang.Object, java.lang.Object, int, int, java.lang.Object, java.lang.Object, java.lang.Object, java.lang.Object, java.lang.Object)'> (0x000000070b5a3fd8) 
thrown [s\src\hotspot\share\interpreter\linkResolver.cpp, line 771]

VM Operations (20 events):
Event: 5.277 Executing VM operation: HandshakeAllThreads
Event: 5.277 Executing VM operation: HandshakeAllThreads done
Event: 5.304 Executing VM operation: HandshakeAllThreads
Event: 5.304 Executing VM operation: HandshakeAllThreads done
Event: 5.310 Executing VM operation: HandshakeAllThreads
Event: 5.310 Executing VM operation: HandshakeAllThreads done
Event: 5.310 Executing VM operation: HandshakeAllThreads
Event: 5.310 Executing VM operation: HandshakeAllThreads done
Event: 5.325 Executing VM operation: HandshakeAllThreads
Event: 5.325 Executing VM operation: HandshakeAllThreads done
Event: 5.330 Executing VM operation: ICBufferFull
Event: 5.330 Executing VM operation: ICBufferFull done
Event: 5.336 Executing VM operation: HandshakeAllThreads
Event: 5.336 Executing VM operation: HandshakeAllThreads done
Event: 5.437 Executing VM operation: HandshakeAllThreads
Event: 5.437 Executing VM operation: HandshakeAllThreads done
Event: 5.476 Executing VM operation: HandshakeAllThreads
Event: 5.476 Executing VM operation: HandshakeAllThreads done
Event: 5.502 Executing VM operation: ICBufferFull
Event: 5.502 Executing VM operation: ICBufferFull done

Events (20 events):
Event: 5.348 Thread 0x0000019dd4b64c30 flushing nmethod 0x0000019db9725b10
Event: 5.348 Thread 0x0000019dd4b64c30 flushing nmethod 0x0000019db9799010
Event: 5.348 Thread 0x0000019dd4b64c30 flushing nmethod 0x0000019db97a6090
Event: 5.348 Thread 0x0000019dd4b64c30 flushing nmethod 0x0000019db97b3310
Event: 5.349 Thread 0x0000019dd4b64c30 flushing nmethod 0x0000019db9927410
Event: 5.349 Thread 0x0000019dd4b64c30 flushing nmethod 0x0000019db9935090
Event: 5.349 Thread 0x0000019dd4b64c30 flushing nmethod 0x0000019db993f610
Event: 5.349 Thread 0x0000019dd4b64c30 flushing nmethod 0x0000019db99b6310
Event: 5.349 Thread 0x0000019dd4b64c30 flushing nmethod 0x0000019db9a8ef10
Event: 5.349 Thread 0x0000019dd4b64c30 flushing nmethod 0x0000019db9abe690
Event: 5.350 Thread 0x0000019dd4b64c30 flushing nmethod 0x0000019db9b0fd90
Event: 5.350 Thread 0x0000019dd4b64c30 flushing nmethod 0x0000019db9b1e610
Event: 5.350 Thread 0x0000019dd4b64c30 flushing nmethod 0x0000019db9bac090
Event: 5.350 Thread 0x0000019dd4b64c30 flushing nmethod 0x0000019db9bbc910
Event: 5.350 Thread 0x0000019dd4b64c30 flushing nmethod 0x0000019db9be0710
Event: 5.350 Thread 0x0000019dd4b64c30 flushing nmethod 0x0000019db9c3d110
Event: 5.350 Thread 0x0000019dd4b64c30 flushing nmethod 0x0000019db9c6df10
Event: 5.350 Thread 0x0000019dd4b64c30 flushing nmethod 0x0000019db9c8c910
Event: 5.351 Thread 0x0000019dd4b64c30 flushing nmethod 0x0000019db9d06290
Event: 5.351 Thread 0x0000019dd4b64c30 flushing nmethod 0x0000019db9d0fb10


Dynamic libraries:
0x00007ff6cad30000 - 0x00007ff6cad3a000 	C:\Program Files\Android\Android Studio\jbr\bin\java.exe
0x00007ffff91d0000 - 0x00007ffff93e6000 	C:\Windows\SYSTEM32\ntdll.dll
0x00007ffff7830000 - 0x00007ffff78f4000 	C:\Windows\System32\KERNEL32.DLL
0x00007ffff66d0000 - 0x00007ffff6a77000 	C:\Windows\System32\KERNELBASE.dll
0x00007ffff6b90000 - 0x00007ffff6ca1000 	C:\Windows\System32\ucrtbase.dll
0x00007fffeca40000 - 0x00007fffeca5b000 	C:\Program Files\Android\Android Studio\jbr\bin\VCRUNTIME140.dll
0x00007fff84720000 - 0x00007fff84737000 	C:\Program Files\Android\Android Studio\jbr\bin\jli.dll
0x00007ffff6f00000 - 0x00007ffff70ae000 	C:\Windows\System32\USER32.dll
0x00007fffde930000 - 0x00007fffdebc3000 	C:\Windows\WinSxS\amd64_microsoft.windows.common-controls_6595b64144ccf1df_6.0.22621.3235_none_270f74e173860f98\COMCTL32.dll
0x00007ffff6ea0000 - 0x00007ffff6ec6000 	C:\Windows\System32\win32u.dll
0x00007ffff72a0000 - 0x00007ffff7347000 	C:\Windows\System32\msvcrt.dll
0x00007ffff7a20000 - 0x00007ffff7a49000 	C:\Windows\System32\GDI32.dll
0x00007ffff65b0000 - 0x00007ffff66c9000 	C:\Windows\System32\gdi32full.dll
0x00007ffff6a80000 - 0x00007ffff6b1a000 	C:\Windows\System32\msvcp_win.dll
0x00007ffff8c90000 - 0x00007ffff8cc1000 	C:\Windows\System32\IMM32.DLL
0x00007ffff15d0000 - 0x00007ffff15dc000 	C:\Program Files\Android\Android Studio\jbr\bin\vcruntime140_1.dll
0x00007fff98d00000 - 0x00007fff98d8d000 	C:\Program Files\Android\Android Studio\jbr\bin\msvcp140.dll
0x00007fff84b20000 - 0x00007fff857a0000 	C:\Program Files\Android\Android Studio\jbr\bin\server\jvm.dll
0x00007ffff7a70000 - 0x00007ffff7b22000 	C:\Windows\System32\ADVAPI32.dll
0x00007ffff8560000 - 0x00007ffff8608000 	C:\Windows\System32\sechost.dll
0x00007ffff6ed0000 - 0x00007ffff6ef8000 	C:\Windows\System32\bcrypt.dll
0x00007ffff7710000 - 0x00007ffff7825000 	C:\Windows\System32\RPCRT4.dll
0x00007fffede90000 - 0x00007fffedec4000 	C:\Windows\SYSTEM32\WINMM.dll
0x00007fffdb290000 - 0x00007fffdb299000 	C:\Windows\SYSTEM32\WSOCK32.dll
0x00007ffff8a90000 - 0x00007ffff8b01000 	C:\Windows\System32\WS2_32.dll
0x00007fffe5730000 - 0x00007fffe573a000 	C:\Windows\SYSTEM32\VERSION.dll
0x00007ffff54f0000 - 0x00007ffff5508000 	C:\Windows\SYSTEM32\kernel.appcore.dll
0x00007fffb91d0000 - 0x00007fffb91da000 	C:\Program Files\Android\Android Studio\jbr\bin\jimage.dll
0x00007fffe9b50000 - 0x00007fffe9d83000 	C:\Windows\SYSTEM32\DBGHELP.DLL
0x00007ffff8cd0000 - 0x00007ffff9058000 	C:\Windows\System32\combase.dll
0x00007ffff7900000 - 0x00007ffff79d7000 	C:\Windows\System32\OLEAUT32.dll
0x00007fffdec00000 - 0x00007fffdec32000 	C:\Windows\SYSTEM32\dbgcore.DLL
0x00007ffff6cb0000 - 0x00007ffff6d29000 	C:\Windows\System32\bcryptPrimitives.dll
0x00007fff86050000 - 0x00007fff86075000 	C:\Program Files\Android\Android Studio\jbr\bin\java.dll
0x00007fff89420000 - 0x00007fff89438000 	C:\Program Files\Android\Android Studio\jbr\bin\zip.dll
0x00007ffff7d00000 - 0x00007ffff855c000 	C:\Windows\System32\SHELL32.dll
0x00007ffff4400000 - 0x00007ffff4cf9000 	C:\Windows\SYSTEM32\windows.storage.dll
0x00007ffff42c0000 - 0x00007ffff43fe000 	C:\Windows\SYSTEM32\wintypes.dll
0x00007ffff7140000 - 0x00007ffff7233000 	C:\Windows\System32\SHCORE.dll
0x00007ffff7240000 - 0x00007ffff729e000 	C:\Windows\System32\shlwapi.dll
0x00007ffff6420000 - 0x00007ffff6441000 	C:\Windows\SYSTEM32\profapi.dll
0x00007fff84b00000 - 0x00007fff84b19000 	C:\Program Files\Android\Android Studio\jbr\bin\net.dll
0x00007ffff0500000 - 0x00007ffff0636000 	C:\Windows\SYSTEM32\WINHTTP.dll
0x00007fffb3250000 - 0x00007fffb3270000 	C:\Windows\system32\PrxerDrv.dll
0x00007ffff59d0000 - 0x00007ffff5a39000 	C:\Windows\system32\mswsock.dll
0x00007fff84ae0000 - 0x00007fff84af6000 	C:\Program Files\Android\Android Studio\jbr\bin\nio.dll
0x00007fffefe70000 - 0x00007fffefe80000 	C:\Program Files\Android\Android Studio\jbr\bin\verify.dll

dbghelp: loaded successfully - version: 4.0.5 - missing functions: none
symbol engine: initialized successfully - sym options: 0x614 - pdb path: .;C:\Program Files\Android\Android Studio\jbr\bin;C:\Windows\SYSTEM32;C:\Windows\WinSxS\amd64_microsoft.windows.common-controls_6595b64144ccf1df_6.0.22621.3235_none_270f74e173860f98;C:\Program Files\Android\Android Studio\jbr\bin\server

VM Arguments:
java_command: org.jetbrains.kotlin.cli.jvm.K2JVMCompiler @C:\Users\ASUS\Downloads\CRUD\CRUD\app\build\20240510_1688312112743643228.compiler.options
java_class_path (initial): C:\Users\ASUS\.gradle\caches\modules-2\files-2.1\org.jetbrains.kotlin\kotlin-compiler-embeddable\1.9.10\57ca1b0823ae3ecb451a97e1f8e6de0b19ea5294\kotlin-compiler-embeddable-1.9.10.jar;C:\Users\ASUS\.gradle\caches\modules-2\files-2.1\org.jetbrains.kotlin\kotlin-stdlib\1.9.10\72812e8a368917ab5c0a5081b56915ffdfec93b7\kotlin-stdlib-1.9.10.jar;C:\Users\ASUS\.gradle\caches\modules-2\files-2.1\org.jetbrains.kotlin\kotlin-script-runtime\1.9.10\398513a8534701579cccaf5953ea914416b4696c\kotlin-script-runtime-1.9.10.jar;C:\Users\ASUS\.gradle\caches\modules-2\files-2.1\org.jetbrains.kotlin\kotlin-reflect\1.6.10\1cbe9c92c12a94eea200d23c2bbaedaf3daf5132\kotlin-reflect-1.6.10.jar;C:\Users\ASUS\.gradle\caches\modules-2\files-2.1\org.jetbrains.kotlin\kotlin-daemon-embeddable\1.9.10\bda2f7daa6b89d2ded2d9e1e0b0cadaf9446ade1\kotlin-daemon-embeddable-1.9.10.jar;C:\Users\ASUS\.gradle\caches\modules-2\files-2.1\org.jetbrains.intellij.deps\trove4j\1.0.20200330\3afb14d5f9ceb459d724e907a21145e8ff394f02\trove4j-1.0.20200330.jar;C:\Users\ASUS\.gradle\caches\modules-2\files-2.1\org.jetbrains.kotlin\kotlin-stdlib-common\1.9.10\dafaf2c27f27c09220cee312df10917d9a5d97ce\kotlin-stdlib-common-1.9.10.jar;C:\Users\ASUS\.gradle\caches\modules-2\files-2.1\org.jetbrains\annotations\13.0\919f0dfe192fb4e063e7dacadee7f8bb9a2672a9\annotations-13.0.jar
Launcher Type: SUN_STANDARD

[Global flags]
     intx CICompilerCount                          = 12                                        {product} {ergonomic}
     uint ConcGCThreads                            = 4                                         {product} {ergonomic}
     uint G1ConcRefinementThreads                  = 15                                        {product} {ergonomic}
   size_t G1HeapRegionSize                         = 2097152                                   {product} {ergonomic}
    uintx GCDrainStackTargetSize                   = 64                                        {product} {ergonomic}
   size_t InitialHeapSize                          = 264241152                                 {product} {ergonomic}
   size_t MarkStackSize                            = 4194304                                   {product} {ergonomic}
   size_t MaxHeapSize                              = 4196401152                                {product} {ergonomic}
   size_t MaxNewSize                               = 2516582400                                {product} {ergonomic}
   size_t MinHeapDeltaBytes                        = 2097152                                   {product} {ergonomic}
   size_t MinHeapSize                              = 8388608                                   {product} {ergonomic}
    uintx NonNMethodCodeHeapSize                   = 7602480                                {pd product} {ergonomic}
    uintx NonProfiledCodeHeapSize                  = 122027880                              {pd product} {ergonomic}
    uintx ProfiledCodeHeapSize                     = 122027880                              {pd product} {ergonomic}
    uintx ReservedCodeCacheSize                    = 251658240                              {pd product} {ergonomic}
     bool SegmentedCodeCache                       = true                                      {product} {ergonomic}
   size_t SoftMaxHeapSize                          = 4196401152                             {manageable} {ergonomic}
     bool UseCompressedClassPointers               = true                           {product lp64_product} {ergonomic}
     bool UseCompressedOops                        = true                           {product lp64_product} {ergonomic}
     bool UseG1GC                                  = true                                      {product} {ergonomic}
     bool UseLargePagesIndividualAllocation        = false                                  {pd product} {ergonomic}

Logging:
Log output configuration:
 #0: stdout all=warning uptime,level,tags
 #1: stderr all=off uptime,level,tags

Environment Variables:
PATH=C:\Program Files\Common Files\Oracle\Java\javapath;C:\Windows\system32;C:\Windows;C:\Windows\System32\Wbem;C:\Windows\System32\WindowsPowerShell\v1.0\;C:\Windows\System32\OpenSSH\;C:\Program Files\Azure Data Studio\bin;C:\Program Files\Microsoft SQL Server\Client SDK\ODBC\170\Tools\Binn\;C:\Program Files (x86)\Microsoft SQL Server\150\Tools\Binn\;C:\Program Files\Microsoft SQL Server\150\Tools\Binn\;C:\Program Files\Microsoft SQL Server\150\DTS\Binn\;C:\Program Files (x86)\Microsoft SQL Server\160\DTS\Binn\;C:\Program Files\Git\cmd;C:\Program Files\nodejs\;C:\Program Files\Cloudflare\Cloudflare WARP\;C:\Program Files\MongoDB\Server\7.0\bin;C:\Users\ASUS\AppData\Local\Programs\Python\Launcher\;C:\Program Files\MySQL\MySQL Shell 8.0\bin\;C:\Users\ASUS\AppData\Local\Microsoft\WindowsApps;C:\Program Files\Azure Data Studio\bin;C:\Users\ASUS\AppData\Local\Programs\Microsoft VS Code\bin;C:\Users\ASUS\AppData\Roaming\npm;C:\Users\ASUS\AppData\Local\JetBrains\PyCharm Community Edition 2023.3.2\bin;;C:\Users\ASUS\AppData\Local\GitHubDesktop\bin
USERNAME=ASUS
OS=Windows_NT
PROCESSOR_IDENTIFIER=Intel64 Family 6 Model 186 Stepping 2, GenuineIntel
TMP=C:\Users\ASUS\AppData\Local\Temp
TEMP=C:\Users\ASUS\AppData\Local\Temp


JNI global refs:
JNI global refs: 25, weak refs: 0

JNI global refs memory usage: 843, weak refs: 841

OOME stack traces (most recent first):
Classloader memory used:
Loader jdk.internal.loader.ClassLoaders$AppClassLoader                                 : 7205K
Loader bootstrap                                                                       : 1344K
Loader jdk.internal.reflect.DelegatingClassLoader                                      : 12110B


---------------  S Y S T E M  ---------------

OS:
 Windows 11 , 64 bit Build 22621 (10.0.22621.3374)
OS uptime: 0 days 3:49 hours
Hyper-V role detected

CPU: total 20 (initial active 20) (10 cores per cpu, 2 threads per core) family 6 model 186 stepping 2 microcode 0x410e, cx8, cmov, fxsr, ht, mmx, 3dnowpref, sse, sse2, sse3, ssse3, sse4.1, sse4.2, popcnt, lzcnt, tsc, tscinvbit, avx, avx2, aes, erms, clmul, bmi1, bmi2, adx, sha, fma, vzeroupper, clflush, clflushopt, clwb, hv

Memory: 4k page, system-wide physical 16003M (2211M free)
TotalPageFile size 16003M (AvailPageFile size 6M)
current process WorkingSet (physical memory assigned to process): 364M, peak: 398M
current process commit charge ("private bytes"): 419M, peak: 452M

vm_info: OpenJDK 64-Bit Server VM (17.0.7+0-b2043.56-10550314) for windows-amd64 JRE (17.0.7+0-b2043.56-10550314), built on Jul 24 2023 18:27:45 by "androidbuild" with MS VC++ 16.10 / 16.11 (VS2019)

END.
